app/build/outputs/mapping/release/seeds.txt
com.aistra.hail.work.AutoFreezeWorker
com.aistra.hail.ui.home.PagerFragment
com.aistra.hail.views.HRecyclerView
com.aistra.hail.ui.api.ApiActivity
com.aistra.hail.services.AutoFreezeService
com.aistra.hail.xposed.XposedInterface
com.aistra.hail.work.FrozenWorker
com.aistra.hail.ui.apps.AppsViewModel
com.aistra.hail.HailApp
com.aistra.hail.ui.main.MainFragment
com.aistra.hail.ui.settings.SettingsFragment
com.aistra.hail.ui.apps.AppsFragment
com.aistra.hail.receiver.ScreenOffReceiver
com.aistra.hail.ui.home.HomeFragment
com.aistra.hail.receiver.DeviceAdminReceiver
com.aistra.hail.ui.about.AboutFragment
com.aistra.hail.services.QSTileService
com.aistra.hail.receiver.UnsuspendedReceiver
com.aistra.hail.ui.main.MainActivity
com.aistra.hail.app.AppInfo$State: com.aistra.hail.app.AppInfo$State valueOf(java.lang.String)
com.aistra.hail.app.AppInfo$State: com.aistra.hail.app.AppInfo$State[] values()
com.aistra.hail.receiver.ScreenOffReceiver: ScreenOffReceiver()
com.aistra.hail.ui.home.HomeFragment: HomeFragment()
com.aistra.hail.ui.apps.AppsViewModel: AppsViewModel(android.app.Application)
com.aistra.hail.services.QSTileService: QSTileService()
com.aistra.hail.services.AutoFreezeService: AutoFreezeService()
com.aistra.hail.ui.main.MainActivity: MainActivity()
com.aistra.hail.work.FrozenWorker: FrozenWorker(android.content.Context,androidx.work.WorkerParameters)
com.aistra.hail.receiver.UnsuspendedReceiver: UnsuspendedReceiver()
com.aistra.hail.views.HRecyclerView: HRecyclerView(android.content.Context,android.util.AttributeSet)
com.aistra.hail.ui.main.MainFragment: MainFragment()
com.aistra.hail.receiver.DeviceAdminReceiver: DeviceAdminReceiver()
com.aistra.hail.ui.settings.SettingsFragment: SettingsFragment()
com.aistra.hail.views.HRecyclerView: android.view.ContextMenu$ContextMenuInfo getContextMenuInfo()
com.aistra.hail.ui.api.ApiActivity: ApiActivity()
com.aistra.hail.xposed.XposedInterface: XposedInterface()
com.aistra.hail.ui.about.AboutFragment: AboutFragment()
com.aistra.hail.ui.home.PagerFragment: PagerFragment()
com.aistra.hail.work.AutoFreezeWorker: AutoFreezeWorker(android.content.Context,androidx.work.WorkerParameters)
com.aistra.hail.HailApp: HailApp()
com.aistra.hail.ui.apps.AppsFragment: AppsFragment()
...
androidx.appcompat.widget.AppCompatImageView: android.graphics.PorterDuff$Mode getSupportImageTintMode()
androidx.compose.ui.platform.AndroidComposeView: void setConfiguration(android.content.res.Configuration)
androidx.compose.ui.platform.AndroidComposeView: androidx.compose.ui.platform.Clipboard getClipboard()
androidx.constraintlayout.widget.Barrier: boolean getAllowsGoneWidget()
androidx.lifecycle.ReportFragment$LifecycleCallbacks: ReportFragment$LifecycleCallbacks()
com.google.android.material.textfield.TextInputLayout: void setStartIconDrawable(android.graphics.drawable.Drawable)
androidx.appcompat.widget.LinearLayoutCompat: void setWeightSum(float)
androidx.appcompat.widget.AppCompatEditText: android.content.res.ColorStateList getSupportBackgroundTintList()
com.google.android.material.navigation.NavigationBarMenuView: int getItemActiveIndicatorHeight()
androidx.core.view.ViewCompat$Api21Impl: void setOnApplyWindowInsetsListener(android.view.View,androidx.core.view.OnApplyWindowInsetsListener)
com.google.android.material.floatingactionbutton.FloatingActionButton: java.lang.CharSequence getAccessibilityClassName()
com.google.android.material.navigation.NavigationBarView: void setItemIconTintList(android.content.res.ColorStateList)
androidx.vectordrawable.graphics.drawable.VectorDrawableCompat$VGroup: void setPivotY(float)
com.google.android.material.tabs.TabLayout$TabView: int getContentWidth()
com.google.android.material.button.MaterialButton: void setRippleColor(android.content.res.ColorStateList)
com.google.android.material.textfield.TextInputLayout: int getHintCurrentCollapsedTextColor()
androidx.preference.Preference: Preference(android.content.Context,android.util.AttributeSet)
com.google.android.material.textfield.TextInputLayout: void setErrorIconDrawable(android.graphics.drawable.Drawable)
androidx.appcompat.widget.ActionBarOverlayLayout: void setHideOnContentScrollEnabled(boolean)
androidx.recyclerview.widget.RecyclerView: void setItemAnimator(androidx.recyclerview.widget.RecyclerView$ItemAnimator)
androidx.recyclerview.widget.RecyclerView: void setOnFlingListener(androidx.recyclerview.widget.RecyclerView$OnFlingListener)
androidx.appcompat.widget.AppCompatToggleButton: android.content.res.ColorStateList getSupportCompoundDrawablesTintList()
com.google.android.material.snackbar.BaseTransientBottomBar$SnackbarBaseLayout: void setOnClickListener(android.view.View$OnClickListener)
com.google.android.material.navigation.NavigationBarMenuView: int getActiveIndicatorLabelPadding()
com.google.android.material.floatingactionbutton.ExtendedFloatingActionButton: void setTextColor(int)
androidx.core.view.WindowInsetsCompat$BuilderImpl30: void setInsets(int,androidx.core.graphics.Insets)
androidx.appcompat.widget.SearchView: int getPreferredHeight()
androidx.compose.ui.platform.AndroidComposeView: void setPrimaryDirectionalMotionAxisOverride-r2epLt8$ui(androidx.compose.ui.input.indirect.IndirectPointerEventPrimaryDirectionalMotionAxis)
androidx.core.view.WindowInsetsCompat$Impl20: androidx.core.graphics.Insets getInsets(int,boolean)
androidx.compose.material3.tokens.ColorSchemeKeyTokens: androidx.compose.material3.tokens.ColorSchemeKeyTokens[] values()
com.google.android.material.navigation.NavigationBarMenuView: android.content.res.ColorStateList getIconTintList()
com.google.android.material.textfield.TextInputEditText: com.google.android.material.textfield.TextInputLayout getTextInputLayout()
androidx.appcompat.widget.AppCompatCheckBox: void setSupportButtonTintMode(android.graphics.PorterDuff$Mode)
androidx.appcompat.widget.SearchView$SearchAutoComplete: void setThreshold(int)
com.google.android.material.textfield.TextInputLayout: android.graphics.drawable.Drawable getPasswordVisibilityToggleDrawable()
androidx.appcompat.widget.ViewStubCompat: android.view.LayoutInflater getLayoutInflater()
androidx.work.ExistingWorkPolicy: androidx.work.ExistingWorkPolicy valueOf(java.lang.String)